<?xml version="1.0" encoding="UTF-8"?>
<testng-results ignored="0" total="2" passed="2" failed="0" skipped="0">
  <reporter-output>
  </reporter-output>
  <suite started-at="2023-03-19T01:23:20 EDT" name="Default suite" finished-at="2023-03-19T01:24:04 EDT" duration-ms="44111">
    <groups>
      <group name="cucumber">
        <method signature="AbstractTestNGCucumberTests.runScenario(io.cucumber.testng.PickleWrapper,io.cucumber.testng.FeatureWrapper)[pri:0, instance:org.vincent.runner.RunnerForCucumber@6bbe85a8]" name="runScenario" class="io.cucumber.testng.AbstractTestNGCucumberTests"/>
      </group> <!-- cucumber -->
    </groups>
    <test started-at="2023-03-19T01:23:20 EDT" name="Default test" finished-at="2023-03-19T01:24:04 EDT" duration-ms="44111">
      <class name="org.vincent.runner.RunnerForCucumber">
        <test-method is-config="true" signature="setUpClass(org.testng.ITestContext)[pri:0, instance:org.vincent.runner.RunnerForCucumber@6bbe85a8]" started-at="2023-03-19T01:23:20 EDT" name="setUpClass" finished-at="2023-03-19T01:23:21 EDT" duration-ms="1017" status="PASS">
          <params>
            <param index="0">
              <value>
                <![CDATA[org.testng.TestRunner@11ede87f]]>
              </value>
            </param>
          </params>
          <reporter-output>
          </reporter-output>
        </test-method> <!-- setUpClass -->
        <test-method signature="runScenario(io.cucumber.testng.PickleWrapper,io.cucumber.testng.FeatureWrapper)[pri:0, instance:org.vincent.runner.RunnerForCucumber@6bbe85a8]" started-at="2023-03-19T01:23:21 EDT" name="runScenario" description="Runs Cucumber Scenarios" data-provider="scenarios" finished-at="2023-03-19T01:23:44 EDT" duration-ms="22951" status="PASS">
          <params>
            <param index="0">
              <value>
                <![CDATA["To create a lead"]]>
              </value>
            </param>
            <param index="1">
              <value>
                <![CDATA["Create Lead"]]>
              </value>
            </param>
          </params>
          <reporter-output>
          </reporter-output>
        </test-method> <!-- runScenario -->
        <test-method signature="runScenario(io.cucumber.testng.PickleWrapper,io.cucumber.testng.FeatureWrapper)[pri:0, instance:org.vincent.runner.RunnerForCucumber@6bbe85a8]" started-at="2023-03-19T01:23:44 EDT" name="runScenario" description="Runs Cucumber Scenarios" data-provider="scenarios" finished-at="2023-03-19T01:24:03 EDT" duration-ms="18569" status="PASS">
          <params>
            <param index="0">
              <value>
                <![CDATA["To create a lead"]]>
              </value>
            </param>
            <param index="1">
              <value>
                <![CDATA["Create Lead"]]>
              </value>
            </param>
          </params>
          <reporter-output>
          </reporter-output>
        </test-method> <!-- runScenario -->
        <test-method is-config="true" signature="tearDownClass()[pri:0, instance:org.vincent.runner.RunnerForCucumber@6bbe85a8]" started-at="2023-03-19T01:24:03 EDT" name="tearDownClass" finished-at="2023-03-19T01:24:04 EDT" duration-ms="1485" status="PASS">
          <reporter-output>
          </reporter-output>
        </test-method> <!-- tearDownClass -->
      </class> <!-- org.vincent.runner.RunnerForCucumber -->
    </test> <!-- Default test -->
  </suite> <!-- Default suite -->
</testng-results>
